d:\shared\win32\keyboardfilter\c++\win7release\package\kmdfsamples.cat
d:\shared\win32\keyboardfilter\c++\package\win7release\inf2cat-expand.10024.read.1.tlog
d:\shared\win32\keyboardfilter\c++\package\win7release\inf2cat-expand.10024.write.1.tlog
d:\shared\win32\keyboardfilter\c++\package\win7release\inf2cat-expand.10136.read.1.tlog
d:\shared\win32\keyboardfilter\c++\package\win7release\inf2cat-expand.10136.write.1.tlog
d:\shared\win32\keyboardfilter\c++\package\win7release\inf2cat-expand.17160.read.1.tlog
d:\shared\win32\keyboardfilter\c++\package\win7release\inf2cat-expand.17160.write.1.tlog
d:\shared\win32\keyboardfilter\c++\package\win7release\inf2cat-expand.1820.read.1.tlog
d:\shared\win32\keyboardfilter\c++\package\win7release\inf2cat-expand.1820.write.1.tlog
d:\shared\win32\keyboardfilter\c++\package\win7release\inf2cat-expand.19700.read.1.tlog
d:\shared\win32\keyboardfilter\c++\package\win7release\inf2cat-expand.19700.write.1.tlog
d:\shared\win32\keyboardfilter\c++\package\win7release\inf2cat-expand.20548.read.1.tlog
d:\shared\win32\keyboardfilter\c++\package\win7release\inf2cat-expand.20548.write.1.tlog
d:\shared\win32\keyboardfilter\c++\package\win7release\inf2cat-expand.21024.read.1.tlog
d:\shared\win32\keyboardfilter\c++\package\win7release\inf2cat-expand.21024.write.1.tlog
d:\shared\win32\keyboardfilter\c++\package\win7release\inf2cat-expand.21240.read.1.tlog
d:\shared\win32\keyboardfilter\c++\package\win7release\inf2cat-expand.21240.write.1.tlog
d:\shared\win32\keyboardfilter\c++\package\win7release\inf2cat-expand.4764.read.1.tlog
d:\shared\win32\keyboardfilter\c++\package\win7release\inf2cat-expand.4764.write.1.tlog
d:\shared\win32\keyboardfilter\c++\package\win7release\inf2cat-expand.5268.read.1.tlog
d:\shared\win32\keyboardfilter\c++\package\win7release\inf2cat-expand.5268.write.1.tlog
d:\shared\win32\keyboardfilter\c++\package\win7release\inf2cat-expand.5404.read.1.tlog
d:\shared\win32\keyboardfilter\c++\package\win7release\inf2cat-expand.5404.write.1.tlog
d:\shared\win32\keyboardfilter\c++\package\win7release\inf2cat-expand.5480.read.1.tlog
d:\shared\win32\keyboardfilter\c++\package\win7release\inf2cat-expand.5480.write.1.tlog
d:\shared\win32\keyboardfilter\c++\package\win7release\inf2cat-expand.6192.read.1.tlog
d:\shared\win32\keyboardfilter\c++\package\win7release\inf2cat-expand.6192.write.1.tlog
d:\shared\win32\keyboardfilter\c++\package\win7release\inf2cat-expand.6492.read.1.tlog
d:\shared\win32\keyboardfilter\c++\package\win7release\inf2cat-expand.6492.write.1.tlog
d:\shared\win32\keyboardfilter\c++\package\win7release\inf2cat-expand.6872.read.1.tlog
d:\shared\win32\keyboardfilter\c++\package\win7release\inf2cat-expand.6872.write.1.tlog
d:\shared\win32\keyboardfilter\c++\package\win7release\inf2cat-expand.8228.read.1.tlog
d:\shared\win32\keyboardfilter\c++\package\win7release\inf2cat-expand.8228.write.1.tlog
d:\shared\win32\keyboardfilter\c++\package\win7release\inf2cat-expand.8304.read.1.tlog
d:\shared\win32\keyboardfilter\c++\package\win7release\inf2cat-expand.8304.write.1.tlog
d:\shared\win32\keyboardfilter\c++\package\win7release\inf2cat-expand.9840.read.1.tlog
d:\shared\win32\keyboardfilter\c++\package\win7release\inf2cat-expand.9840.write.1.tlog
d:\shared\win32\keyboardfilter\c++\package\win7release\inf2cat-expand.read.1.tlog
d:\shared\win32\keyboardfilter\c++\package\win7release\inf2cat-expand.write.1.tlog
d:\shared\win32\keyboardfilter\c++\package\win7release\inf2cat.command.1.tlog
d:\shared\win32\keyboardfilter\c++\package\win7release\inf2cat.read.1.tlog
d:\shared\win32\keyboardfilter\c++\package\win7release\inf2cat.write.1.tlog
