d:\shared\win32\keyboardfilter64\c++\sys\x64\debug\vc141.pdb
d:\shared\win32\keyboardfilter64\c++\sys\x64\debug\rawpdo.obj
d:\shared\win32\keyboardfilter64\c++\sys\x64\debug\kbfiltr.obj
d:\shared\win32\keyboardfilter64\c++\sys\x64\debug\kbfiltr\kmdfsamples.cat
d:\shared\win32\keyboardfilter64\c++\sys\x64\debug\kbfiltr.sys
d:\shared\win32\keyboardfilter64\c++\sys\x64\debug\kbfiltr.pdb
d:\shared\win32\keyboardfilter64\c++\sys\x64\debug\kbfiltr.res
d:\shared\win32\keyboardfilter64\c++\sys\x64\debug\kbfiltr.inf
d:\shared\win32\keyboardfilter64\c++\sys\x64\debug\kbfiltr.tlog\cl.command.1.tlog
d:\shared\win32\keyboardfilter64\c++\sys\x64\debug\kbfiltr.tlog\cl.read.1.tlog
d:\shared\win32\keyboardfilter64\c++\sys\x64\debug\kbfiltr.tlog\cl.write.1.tlog
d:\shared\win32\keyboardfilter64\c++\sys\x64\debug\kbfiltr.tlog\inf2cat-expand.9500.read.1.tlog
d:\shared\win32\keyboardfilter64\c++\sys\x64\debug\kbfiltr.tlog\inf2cat-expand.9500.write.1.tlog
d:\shared\win32\keyboardfilter64\c++\sys\x64\debug\kbfiltr.tlog\inf2cat-expand.read.1.tlog
d:\shared\win32\keyboardfilter64\c++\sys\x64\debug\kbfiltr.tlog\inf2cat-expand.write.1.tlog
d:\shared\win32\keyboardfilter64\c++\sys\x64\debug\kbfiltr.tlog\inf2cat.command.1.tlog
d:\shared\win32\keyboardfilter64\c++\sys\x64\debug\kbfiltr.tlog\inf2cat.read.1.tlog
d:\shared\win32\keyboardfilter64\c++\sys\x64\debug\kbfiltr.tlog\inf2cat.write.1.tlog
d:\shared\win32\keyboardfilter64\c++\sys\x64\debug\kbfiltr.tlog\link.command.1.tlog
d:\shared\win32\keyboardfilter64\c++\sys\x64\debug\kbfiltr.tlog\link.read.1.tlog
d:\shared\win32\keyboardfilter64\c++\sys\x64\debug\kbfiltr.tlog\link.write.1.tlog
d:\shared\win32\keyboardfilter64\c++\sys\x64\debug\kbfiltr.tlog\rc.command.1.tlog
d:\shared\win32\keyboardfilter64\c++\sys\x64\debug\kbfiltr.tlog\rc.read.1.tlog
d:\shared\win32\keyboardfilter64\c++\sys\x64\debug\kbfiltr.tlog\rc.write.1.tlog
d:\shared\win32\keyboardfilter64\c++\sys\x64\debug\kbfiltr.tlog\signtool.command.1.tlog
d:\shared\win32\keyboardfilter64\c++\sys\x64\debug\kbfiltr.tlog\signtool.read.1.tlog
d:\shared\win32\keyboardfilter64\c++\sys\x64\debug\kbfiltr.tlog\signtool.timestamp.1.tlog
d:\shared\win32\keyboardfilter64\c++\sys\x64\debug\kbfiltr.tlog\signtool.write.1.tlog
d:\shared\win32\keyboardfilter64\c++\sys\x64\debug\kbfiltr.tlog\stampinf.command.1.tlog
d:\shared\win32\keyboardfilter64\c++\sys\x64\debug\kbfiltr.tlog\stampinf.read.1.tlog
d:\shared\win32\keyboardfilter64\c++\sys\x64\debug\kbfiltr.tlog\stampinf.write.1.tlog
