d:\shared\win32\keyboardfilter\c++\win7debug\package\kmdfsamples.cat
d:\shared\win32\keyboardfilter\c++\package\win7debug\inf2cat-expand.1124.read.1.tlog
d:\shared\win32\keyboardfilter\c++\package\win7debug\inf2cat-expand.1124.write.1.tlog
d:\shared\win32\keyboardfilter\c++\package\win7debug\inf2cat-expand.1128.read.1.tlog
d:\shared\win32\keyboardfilter\c++\package\win7debug\inf2cat-expand.1128.write.1.tlog
d:\shared\win32\keyboardfilter\c++\package\win7debug\inf2cat-expand.1188.read.1.tlog
d:\shared\win32\keyboardfilter\c++\package\win7debug\inf2cat-expand.1188.write.1.tlog
d:\shared\win32\keyboardfilter\c++\package\win7debug\inf2cat-expand.1220.read.1.tlog
d:\shared\win32\keyboardfilter\c++\package\win7debug\inf2cat-expand.1220.write.1.tlog
d:\shared\win32\keyboardfilter\c++\package\win7debug\inf2cat-expand.1240.read.1.tlog
d:\shared\win32\keyboardfilter\c++\package\win7debug\inf2cat-expand.1240.write.1.tlog
d:\shared\win32\keyboardfilter\c++\package\win7debug\inf2cat-expand.1256.read.1.tlog
d:\shared\win32\keyboardfilter\c++\package\win7debug\inf2cat-expand.1256.write.1.tlog
d:\shared\win32\keyboardfilter\c++\package\win7debug\inf2cat-expand.1288.read.1.tlog
d:\shared\win32\keyboardfilter\c++\package\win7debug\inf2cat-expand.1288.write.1.tlog
d:\shared\win32\keyboardfilter\c++\package\win7debug\inf2cat-expand.1324.read.1.tlog
d:\shared\win32\keyboardfilter\c++\package\win7debug\inf2cat-expand.1324.write.1.tlog
d:\shared\win32\keyboardfilter\c++\package\win7debug\inf2cat-expand.1332.read.1.tlog
d:\shared\win32\keyboardfilter\c++\package\win7debug\inf2cat-expand.1332.write.1.tlog
d:\shared\win32\keyboardfilter\c++\package\win7debug\inf2cat-expand.1448.read.1.tlog
d:\shared\win32\keyboardfilter\c++\package\win7debug\inf2cat-expand.1448.write.1.tlog
d:\shared\win32\keyboardfilter\c++\package\win7debug\inf2cat-expand.1452.read.1.tlog
d:\shared\win32\keyboardfilter\c++\package\win7debug\inf2cat-expand.1452.write.1.tlog
d:\shared\win32\keyboardfilter\c++\package\win7debug\inf2cat-expand.1536.read.1.tlog
d:\shared\win32\keyboardfilter\c++\package\win7debug\inf2cat-expand.1536.write.1.tlog
d:\shared\win32\keyboardfilter\c++\package\win7debug\inf2cat-expand.1548.read.1.tlog
d:\shared\win32\keyboardfilter\c++\package\win7debug\inf2cat-expand.1548.write.1.tlog
d:\shared\win32\keyboardfilter\c++\package\win7debug\inf2cat-expand.1760.read.1.tlog
d:\shared\win32\keyboardfilter\c++\package\win7debug\inf2cat-expand.1760.write.1.tlog
d:\shared\win32\keyboardfilter\c++\package\win7debug\inf2cat-expand.1764.read.1.tlog
d:\shared\win32\keyboardfilter\c++\package\win7debug\inf2cat-expand.1764.write.1.tlog
d:\shared\win32\keyboardfilter\c++\package\win7debug\inf2cat-expand.1792.read.1.tlog
d:\shared\win32\keyboardfilter\c++\package\win7debug\inf2cat-expand.1792.write.1.tlog
d:\shared\win32\keyboardfilter\c++\package\win7debug\inf2cat-expand.184.read.1.tlog
d:\shared\win32\keyboardfilter\c++\package\win7debug\inf2cat-expand.184.write.1.tlog
d:\shared\win32\keyboardfilter\c++\package\win7debug\inf2cat-expand.1896.read.1.tlog
d:\shared\win32\keyboardfilter\c++\package\win7debug\inf2cat-expand.1896.write.1.tlog
d:\shared\win32\keyboardfilter\c++\package\win7debug\inf2cat-expand.1996.read.1.tlog
d:\shared\win32\keyboardfilter\c++\package\win7debug\inf2cat-expand.1996.write.1.tlog
d:\shared\win32\keyboardfilter\c++\package\win7debug\inf2cat-expand.2000.read.1.tlog
d:\shared\win32\keyboardfilter\c++\package\win7debug\inf2cat-expand.2000.write.1.tlog
d:\shared\win32\keyboardfilter\c++\package\win7debug\inf2cat-expand.2172.read.1.tlog
d:\shared\win32\keyboardfilter\c++\package\win7debug\inf2cat-expand.2172.write.1.tlog
d:\shared\win32\keyboardfilter\c++\package\win7debug\inf2cat-expand.2180.read.1.tlog
d:\shared\win32\keyboardfilter\c++\package\win7debug\inf2cat-expand.2180.write.1.tlog
d:\shared\win32\keyboardfilter\c++\package\win7debug\inf2cat-expand.2196.read.1.tlog
d:\shared\win32\keyboardfilter\c++\package\win7debug\inf2cat-expand.2196.write.1.tlog
d:\shared\win32\keyboardfilter\c++\package\win7debug\inf2cat-expand.2332.read.1.tlog
d:\shared\win32\keyboardfilter\c++\package\win7debug\inf2cat-expand.2332.write.1.tlog
d:\shared\win32\keyboardfilter\c++\package\win7debug\inf2cat-expand.2392.read.1.tlog
d:\shared\win32\keyboardfilter\c++\package\win7debug\inf2cat-expand.2392.write.1.tlog
d:\shared\win32\keyboardfilter\c++\package\win7debug\inf2cat-expand.2408.read.1.tlog
d:\shared\win32\keyboardfilter\c++\package\win7debug\inf2cat-expand.2408.write.1.tlog
d:\shared\win32\keyboardfilter\c++\package\win7debug\inf2cat-expand.2472.read.1.tlog
d:\shared\win32\keyboardfilter\c++\package\win7debug\inf2cat-expand.2472.write.1.tlog
d:\shared\win32\keyboardfilter\c++\package\win7debug\inf2cat-expand.2584.read.1.tlog
d:\shared\win32\keyboardfilter\c++\package\win7debug\inf2cat-expand.2584.write.1.tlog
d:\shared\win32\keyboardfilter\c++\package\win7debug\inf2cat-expand.26952.read.1.tlog
d:\shared\win32\keyboardfilter\c++\package\win7debug\inf2cat-expand.26952.write.1.tlog
d:\shared\win32\keyboardfilter\c++\package\win7debug\inf2cat-expand.2880.read.1.tlog
d:\shared\win32\keyboardfilter\c++\package\win7debug\inf2cat-expand.2880.write.1.tlog
d:\shared\win32\keyboardfilter\c++\package\win7debug\inf2cat-expand.2892.read.1.tlog
d:\shared\win32\keyboardfilter\c++\package\win7debug\inf2cat-expand.2892.write.1.tlog
d:\shared\win32\keyboardfilter\c++\package\win7debug\inf2cat-expand.2992.read.1.tlog
d:\shared\win32\keyboardfilter\c++\package\win7debug\inf2cat-expand.2992.write.1.tlog
d:\shared\win32\keyboardfilter\c++\package\win7debug\inf2cat-expand.3044.read.1.tlog
d:\shared\win32\keyboardfilter\c++\package\win7debug\inf2cat-expand.3044.write.1.tlog
d:\shared\win32\keyboardfilter\c++\package\win7debug\inf2cat-expand.3152.read.1.tlog
d:\shared\win32\keyboardfilter\c++\package\win7debug\inf2cat-expand.3152.write.1.tlog
d:\shared\win32\keyboardfilter\c++\package\win7debug\inf2cat-expand.3312.read.1.tlog
d:\shared\win32\keyboardfilter\c++\package\win7debug\inf2cat-expand.3312.write.1.tlog
d:\shared\win32\keyboardfilter\c++\package\win7debug\inf2cat-expand.3340.read.1.tlog
d:\shared\win32\keyboardfilter\c++\package\win7debug\inf2cat-expand.3340.write.1.tlog
d:\shared\win32\keyboardfilter\c++\package\win7debug\inf2cat-expand.3408.read.1.tlog
d:\shared\win32\keyboardfilter\c++\package\win7debug\inf2cat-expand.3408.write.1.tlog
d:\shared\win32\keyboardfilter\c++\package\win7debug\inf2cat-expand.348.read.1.tlog
d:\shared\win32\keyboardfilter\c++\package\win7debug\inf2cat-expand.348.write.1.tlog
d:\shared\win32\keyboardfilter\c++\package\win7debug\inf2cat-expand.3640.read.1.tlog
d:\shared\win32\keyboardfilter\c++\package\win7debug\inf2cat-expand.3640.write.1.tlog
d:\shared\win32\keyboardfilter\c++\package\win7debug\inf2cat-expand.36484.read.1.tlog
d:\shared\win32\keyboardfilter\c++\package\win7debug\inf2cat-expand.36484.write.1.tlog
d:\shared\win32\keyboardfilter\c++\package\win7debug\inf2cat-expand.3668.read.1.tlog
d:\shared\win32\keyboardfilter\c++\package\win7debug\inf2cat-expand.3668.write.1.tlog
d:\shared\win32\keyboardfilter\c++\package\win7debug\inf2cat-expand.3680.read.1.tlog
d:\shared\win32\keyboardfilter\c++\package\win7debug\inf2cat-expand.3680.write.1.tlog
d:\shared\win32\keyboardfilter\c++\package\win7debug\inf2cat-expand.3716.read.1.tlog
d:\shared\win32\keyboardfilter\c++\package\win7debug\inf2cat-expand.3716.write.1.tlog
d:\shared\win32\keyboardfilter\c++\package\win7debug\inf2cat-expand.3728.read.1.tlog
d:\shared\win32\keyboardfilter\c++\package\win7debug\inf2cat-expand.3728.write.1.tlog
d:\shared\win32\keyboardfilter\c++\package\win7debug\inf2cat-expand.3768.read.1.tlog
d:\shared\win32\keyboardfilter\c++\package\win7debug\inf2cat-expand.3768.write.1.tlog
d:\shared\win32\keyboardfilter\c++\package\win7debug\inf2cat-expand.3776.read.1.tlog
d:\shared\win32\keyboardfilter\c++\package\win7debug\inf2cat-expand.3776.write.1.tlog
d:\shared\win32\keyboardfilter\c++\package\win7debug\inf2cat-expand.3864.read.1.tlog
d:\shared\win32\keyboardfilter\c++\package\win7debug\inf2cat-expand.3864.write.1.tlog
d:\shared\win32\keyboardfilter\c++\package\win7debug\inf2cat-expand.3876.read.1.tlog
d:\shared\win32\keyboardfilter\c++\package\win7debug\inf2cat-expand.3876.write.1.tlog
d:\shared\win32\keyboardfilter\c++\package\win7debug\inf2cat-expand.3888.read.1.tlog
d:\shared\win32\keyboardfilter\c++\package\win7debug\inf2cat-expand.3888.write.1.tlog
d:\shared\win32\keyboardfilter\c++\package\win7debug\inf2cat-expand.392.read.1.tlog
d:\shared\win32\keyboardfilter\c++\package\win7debug\inf2cat-expand.392.write.1.tlog
d:\shared\win32\keyboardfilter\c++\package\win7debug\inf2cat-expand.400.read.1.tlog
d:\shared\win32\keyboardfilter\c++\package\win7debug\inf2cat-expand.400.write.1.tlog
d:\shared\win32\keyboardfilter\c++\package\win7debug\inf2cat-expand.4020.read.1.tlog
d:\shared\win32\keyboardfilter\c++\package\win7debug\inf2cat-expand.4020.write.1.tlog
d:\shared\win32\keyboardfilter\c++\package\win7debug\inf2cat-expand.4032.read.1.tlog
d:\shared\win32\keyboardfilter\c++\package\win7debug\inf2cat-expand.4032.write.1.tlog
d:\shared\win32\keyboardfilter\c++\package\win7debug\inf2cat-expand.4052.read.1.tlog
d:\shared\win32\keyboardfilter\c++\package\win7debug\inf2cat-expand.4052.write.1.tlog
d:\shared\win32\keyboardfilter\c++\package\win7debug\inf2cat-expand.4152.read.1.tlog
d:\shared\win32\keyboardfilter\c++\package\win7debug\inf2cat-expand.4152.write.1.tlog
d:\shared\win32\keyboardfilter\c++\package\win7debug\inf2cat-expand.4164.read.1.tlog
d:\shared\win32\keyboardfilter\c++\package\win7debug\inf2cat-expand.4164.write.1.tlog
d:\shared\win32\keyboardfilter\c++\package\win7debug\inf2cat-expand.4172.read.1.tlog
d:\shared\win32\keyboardfilter\c++\package\win7debug\inf2cat-expand.4172.write.1.tlog
d:\shared\win32\keyboardfilter\c++\package\win7debug\inf2cat-expand.4192.read.1.tlog
d:\shared\win32\keyboardfilter\c++\package\win7debug\inf2cat-expand.4192.write.1.tlog
d:\shared\win32\keyboardfilter\c++\package\win7debug\inf2cat-expand.4212.read.1.tlog
d:\shared\win32\keyboardfilter\c++\package\win7debug\inf2cat-expand.4212.write.1.tlog
d:\shared\win32\keyboardfilter\c++\package\win7debug\inf2cat-expand.4216.read.1.tlog
d:\shared\win32\keyboardfilter\c++\package\win7debug\inf2cat-expand.4216.write.1.tlog
d:\shared\win32\keyboardfilter\c++\package\win7debug\inf2cat-expand.4304.read.1.tlog
d:\shared\win32\keyboardfilter\c++\package\win7debug\inf2cat-expand.4304.write.1.tlog
d:\shared\win32\keyboardfilter\c++\package\win7debug\inf2cat-expand.4340.read.1.tlog
d:\shared\win32\keyboardfilter\c++\package\win7debug\inf2cat-expand.4340.write.1.tlog
d:\shared\win32\keyboardfilter\c++\package\win7debug\inf2cat-expand.4404.read.1.tlog
d:\shared\win32\keyboardfilter\c++\package\win7debug\inf2cat-expand.4404.write.1.tlog
d:\shared\win32\keyboardfilter\c++\package\win7debug\inf2cat-expand.4416.read.1.tlog
d:\shared\win32\keyboardfilter\c++\package\win7debug\inf2cat-expand.4416.write.1.tlog
d:\shared\win32\keyboardfilter\c++\package\win7debug\inf2cat-expand.4420.read.1.tlog
d:\shared\win32\keyboardfilter\c++\package\win7debug\inf2cat-expand.4420.write.1.tlog
d:\shared\win32\keyboardfilter\c++\package\win7debug\inf2cat-expand.4428.read.1.tlog
d:\shared\win32\keyboardfilter\c++\package\win7debug\inf2cat-expand.4428.write.1.tlog
d:\shared\win32\keyboardfilter\c++\package\win7debug\inf2cat-expand.4464.read.1.tlog
d:\shared\win32\keyboardfilter\c++\package\win7debug\inf2cat-expand.4464.write.1.tlog
d:\shared\win32\keyboardfilter\c++\package\win7debug\inf2cat-expand.4508.read.1.tlog
d:\shared\win32\keyboardfilter\c++\package\win7debug\inf2cat-expand.4508.write.1.tlog
d:\shared\win32\keyboardfilter\c++\package\win7debug\inf2cat-expand.4576.read.1.tlog
d:\shared\win32\keyboardfilter\c++\package\win7debug\inf2cat-expand.4576.write.1.tlog
d:\shared\win32\keyboardfilter\c++\package\win7debug\inf2cat-expand.4588.read.1.tlog
d:\shared\win32\keyboardfilter\c++\package\win7debug\inf2cat-expand.4588.write.1.tlog
d:\shared\win32\keyboardfilter\c++\package\win7debug\inf2cat-expand.4644.read.1.tlog
d:\shared\win32\keyboardfilter\c++\package\win7debug\inf2cat-expand.4644.write.1.tlog
d:\shared\win32\keyboardfilter\c++\package\win7debug\inf2cat-expand.4704.read.1.tlog
d:\shared\win32\keyboardfilter\c++\package\win7debug\inf2cat-expand.4704.write.1.tlog
d:\shared\win32\keyboardfilter\c++\package\win7debug\inf2cat-expand.4732.read.1.tlog
d:\shared\win32\keyboardfilter\c++\package\win7debug\inf2cat-expand.4732.write.1.tlog
d:\shared\win32\keyboardfilter\c++\package\win7debug\inf2cat-expand.4776.read.1.tlog
d:\shared\win32\keyboardfilter\c++\package\win7debug\inf2cat-expand.4776.write.1.tlog
d:\shared\win32\keyboardfilter\c++\package\win7debug\inf2cat-expand.4788.read.1.tlog
d:\shared\win32\keyboardfilter\c++\package\win7debug\inf2cat-expand.4788.write.1.tlog
d:\shared\win32\keyboardfilter\c++\package\win7debug\inf2cat-expand.4796.read.1.tlog
d:\shared\win32\keyboardfilter\c++\package\win7debug\inf2cat-expand.4796.write.1.tlog
d:\shared\win32\keyboardfilter\c++\package\win7debug\inf2cat-expand.4808.read.1.tlog
d:\shared\win32\keyboardfilter\c++\package\win7debug\inf2cat-expand.4808.write.1.tlog
d:\shared\win32\keyboardfilter\c++\package\win7debug\inf2cat-expand.4856.read.1.tlog
d:\shared\win32\keyboardfilter\c++\package\win7debug\inf2cat-expand.4856.write.1.tlog
d:\shared\win32\keyboardfilter\c++\package\win7debug\inf2cat-expand.4940.read.1.tlog
d:\shared\win32\keyboardfilter\c++\package\win7debug\inf2cat-expand.4940.write.1.tlog
d:\shared\win32\keyboardfilter\c++\package\win7debug\inf2cat-expand.4980.read.1.tlog
d:\shared\win32\keyboardfilter\c++\package\win7debug\inf2cat-expand.4980.write.1.tlog
d:\shared\win32\keyboardfilter\c++\package\win7debug\inf2cat-expand.4984.read.1.tlog
d:\shared\win32\keyboardfilter\c++\package\win7debug\inf2cat-expand.4984.write.1.tlog
d:\shared\win32\keyboardfilter\c++\package\win7debug\inf2cat-expand.4996.read.1.tlog
d:\shared\win32\keyboardfilter\c++\package\win7debug\inf2cat-expand.4996.write.1.tlog
d:\shared\win32\keyboardfilter\c++\package\win7debug\inf2cat-expand.5004.read.1.tlog
d:\shared\win32\keyboardfilter\c++\package\win7debug\inf2cat-expand.5004.write.1.tlog
d:\shared\win32\keyboardfilter\c++\package\win7debug\inf2cat-expand.5152.read.1.tlog
d:\shared\win32\keyboardfilter\c++\package\win7debug\inf2cat-expand.5152.write.1.tlog
d:\shared\win32\keyboardfilter\c++\package\win7debug\inf2cat-expand.5172.read.1.tlog
d:\shared\win32\keyboardfilter\c++\package\win7debug\inf2cat-expand.5172.write.1.tlog
d:\shared\win32\keyboardfilter\c++\package\win7debug\inf2cat-expand.5212.read.1.tlog
d:\shared\win32\keyboardfilter\c++\package\win7debug\inf2cat-expand.5212.write.1.tlog
d:\shared\win32\keyboardfilter\c++\package\win7debug\inf2cat-expand.5220.read.1.tlog
d:\shared\win32\keyboardfilter\c++\package\win7debug\inf2cat-expand.5220.write.1.tlog
d:\shared\win32\keyboardfilter\c++\package\win7debug\inf2cat-expand.5232.read.1.tlog
d:\shared\win32\keyboardfilter\c++\package\win7debug\inf2cat-expand.5232.write.1.tlog
d:\shared\win32\keyboardfilter\c++\package\win7debug\inf2cat-expand.5324.read.1.tlog
d:\shared\win32\keyboardfilter\c++\package\win7debug\inf2cat-expand.5324.write.1.tlog
d:\shared\win32\keyboardfilter\c++\package\win7debug\inf2cat-expand.5328.read.1.tlog
d:\shared\win32\keyboardfilter\c++\package\win7debug\inf2cat-expand.5328.write.1.tlog
d:\shared\win32\keyboardfilter\c++\package\win7debug\inf2cat-expand.5344.read.1.tlog
d:\shared\win32\keyboardfilter\c++\package\win7debug\inf2cat-expand.5344.write.1.tlog
d:\shared\win32\keyboardfilter\c++\package\win7debug\inf2cat-expand.5400.read.1.tlog
d:\shared\win32\keyboardfilter\c++\package\win7debug\inf2cat-expand.5400.write.1.tlog
d:\shared\win32\keyboardfilter\c++\package\win7debug\inf2cat-expand.5404.read.1.tlog
d:\shared\win32\keyboardfilter\c++\package\win7debug\inf2cat-expand.5404.write.1.tlog
d:\shared\win32\keyboardfilter\c++\package\win7debug\inf2cat-expand.5408.read.1.tlog
d:\shared\win32\keyboardfilter\c++\package\win7debug\inf2cat-expand.5408.write.1.tlog
d:\shared\win32\keyboardfilter\c++\package\win7debug\inf2cat-expand.5432.read.1.tlog
d:\shared\win32\keyboardfilter\c++\package\win7debug\inf2cat-expand.5432.write.1.tlog
d:\shared\win32\keyboardfilter\c++\package\win7debug\inf2cat-expand.5448.read.1.tlog
d:\shared\win32\keyboardfilter\c++\package\win7debug\inf2cat-expand.5448.write.1.tlog
d:\shared\win32\keyboardfilter\c++\package\win7debug\inf2cat-expand.548.read.1.tlog
d:\shared\win32\keyboardfilter\c++\package\win7debug\inf2cat-expand.548.write.1.tlog
d:\shared\win32\keyboardfilter\c++\package\win7debug\inf2cat-expand.5540.read.1.tlog
d:\shared\win32\keyboardfilter\c++\package\win7debug\inf2cat-expand.5540.write.1.tlog
d:\shared\win32\keyboardfilter\c++\package\win7debug\inf2cat-expand.5584.read.1.tlog
d:\shared\win32\keyboardfilter\c++\package\win7debug\inf2cat-expand.5584.write.1.tlog
d:\shared\win32\keyboardfilter\c++\package\win7debug\inf2cat-expand.5600.read.1.tlog
d:\shared\win32\keyboardfilter\c++\package\win7debug\inf2cat-expand.5600.write.1.tlog
d:\shared\win32\keyboardfilter\c++\package\win7debug\inf2cat-expand.5608.read.1.tlog
d:\shared\win32\keyboardfilter\c++\package\win7debug\inf2cat-expand.5608.write.1.tlog
d:\shared\win32\keyboardfilter\c++\package\win7debug\inf2cat-expand.5624.read.1.tlog
d:\shared\win32\keyboardfilter\c++\package\win7debug\inf2cat-expand.5624.write.1.tlog
d:\shared\win32\keyboardfilter\c++\package\win7debug\inf2cat-expand.5648.read.1.tlog
d:\shared\win32\keyboardfilter\c++\package\win7debug\inf2cat-expand.5648.write.1.tlog
d:\shared\win32\keyboardfilter\c++\package\win7debug\inf2cat-expand.5652.read.1.tlog
d:\shared\win32\keyboardfilter\c++\package\win7debug\inf2cat-expand.5652.write.1.tlog
d:\shared\win32\keyboardfilter\c++\package\win7debug\inf2cat-expand.5656.read.1.tlog
d:\shared\win32\keyboardfilter\c++\package\win7debug\inf2cat-expand.5656.write.1.tlog
d:\shared\win32\keyboardfilter\c++\package\win7debug\inf2cat-expand.5660.read.1.tlog
d:\shared\win32\keyboardfilter\c++\package\win7debug\inf2cat-expand.5660.write.1.tlog
d:\shared\win32\keyboardfilter\c++\package\win7debug\inf2cat-expand.5680.read.1.tlog
d:\shared\win32\keyboardfilter\c++\package\win7debug\inf2cat-expand.5680.write.1.tlog
d:\shared\win32\keyboardfilter\c++\package\win7debug\inf2cat-expand.5692.read.1.tlog
d:\shared\win32\keyboardfilter\c++\package\win7debug\inf2cat-expand.5692.write.1.tlog
d:\shared\win32\keyboardfilter\c++\package\win7debug\inf2cat-expand.5704.read.1.tlog
d:\shared\win32\keyboardfilter\c++\package\win7debug\inf2cat-expand.5704.write.1.tlog
d:\shared\win32\keyboardfilter\c++\package\win7debug\inf2cat-expand.5768.read.1.tlog
d:\shared\win32\keyboardfilter\c++\package\win7debug\inf2cat-expand.5768.write.1.tlog
d:\shared\win32\keyboardfilter\c++\package\win7debug\inf2cat-expand.5788.read.1.tlog
d:\shared\win32\keyboardfilter\c++\package\win7debug\inf2cat-expand.5788.write.1.tlog
d:\shared\win32\keyboardfilter\c++\package\win7debug\inf2cat-expand.5824.read.1.tlog
d:\shared\win32\keyboardfilter\c++\package\win7debug\inf2cat-expand.5824.write.1.tlog
d:\shared\win32\keyboardfilter\c++\package\win7debug\inf2cat-expand.5840.read.1.tlog
d:\shared\win32\keyboardfilter\c++\package\win7debug\inf2cat-expand.5840.write.1.tlog
d:\shared\win32\keyboardfilter\c++\package\win7debug\inf2cat-expand.5852.read.1.tlog
d:\shared\win32\keyboardfilter\c++\package\win7debug\inf2cat-expand.5852.write.1.tlog
d:\shared\win32\keyboardfilter\c++\package\win7debug\inf2cat-expand.5940.read.1.tlog
d:\shared\win32\keyboardfilter\c++\package\win7debug\inf2cat-expand.5940.write.1.tlog
d:\shared\win32\keyboardfilter\c++\package\win7debug\inf2cat-expand.5972.read.1.tlog
d:\shared\win32\keyboardfilter\c++\package\win7debug\inf2cat-expand.5972.write.1.tlog
d:\shared\win32\keyboardfilter\c++\package\win7debug\inf2cat-expand.5988.read.1.tlog
d:\shared\win32\keyboardfilter\c++\package\win7debug\inf2cat-expand.5988.write.1.tlog
d:\shared\win32\keyboardfilter\c++\package\win7debug\inf2cat-expand.600.read.1.tlog
d:\shared\win32\keyboardfilter\c++\package\win7debug\inf2cat-expand.600.write.1.tlog
d:\shared\win32\keyboardfilter\c++\package\win7debug\inf2cat-expand.6008.read.1.tlog
d:\shared\win32\keyboardfilter\c++\package\win7debug\inf2cat-expand.6008.write.1.tlog
d:\shared\win32\keyboardfilter\c++\package\win7debug\inf2cat-expand.6032.read.1.tlog
d:\shared\win32\keyboardfilter\c++\package\win7debug\inf2cat-expand.6032.write.1.tlog
d:\shared\win32\keyboardfilter\c++\package\win7debug\inf2cat-expand.6108.read.1.tlog
d:\shared\win32\keyboardfilter\c++\package\win7debug\inf2cat-expand.6108.write.1.tlog
d:\shared\win32\keyboardfilter\c++\package\win7debug\inf2cat-expand.6112.read.1.tlog
d:\shared\win32\keyboardfilter\c++\package\win7debug\inf2cat-expand.6112.write.1.tlog
d:\shared\win32\keyboardfilter\c++\package\win7debug\inf2cat-expand.6156.read.1.tlog
d:\shared\win32\keyboardfilter\c++\package\win7debug\inf2cat-expand.6156.write.1.tlog
d:\shared\win32\keyboardfilter\c++\package\win7debug\inf2cat-expand.6168.read.1.tlog
d:\shared\win32\keyboardfilter\c++\package\win7debug\inf2cat-expand.6168.write.1.tlog
d:\shared\win32\keyboardfilter\c++\package\win7debug\inf2cat-expand.6200.read.1.tlog
d:\shared\win32\keyboardfilter\c++\package\win7debug\inf2cat-expand.6200.write.1.tlog
d:\shared\win32\keyboardfilter\c++\package\win7debug\inf2cat-expand.6224.read.1.tlog
d:\shared\win32\keyboardfilter\c++\package\win7debug\inf2cat-expand.6224.write.1.tlog
d:\shared\win32\keyboardfilter\c++\package\win7debug\inf2cat-expand.6240.read.1.tlog
d:\shared\win32\keyboardfilter\c++\package\win7debug\inf2cat-expand.6240.write.1.tlog
d:\shared\win32\keyboardfilter\c++\package\win7debug\inf2cat-expand.6268.read.1.tlog
d:\shared\win32\keyboardfilter\c++\package\win7debug\inf2cat-expand.6268.write.1.tlog
d:\shared\win32\keyboardfilter\c++\package\win7debug\inf2cat-expand.6300.read.1.tlog
d:\shared\win32\keyboardfilter\c++\package\win7debug\inf2cat-expand.6300.write.1.tlog
d:\shared\win32\keyboardfilter\c++\package\win7debug\inf2cat-expand.6324.read.1.tlog
d:\shared\win32\keyboardfilter\c++\package\win7debug\inf2cat-expand.6324.write.1.tlog
d:\shared\win32\keyboardfilter\c++\package\win7debug\inf2cat-expand.6400.read.1.tlog
d:\shared\win32\keyboardfilter\c++\package\win7debug\inf2cat-expand.6400.write.1.tlog
d:\shared\win32\keyboardfilter\c++\package\win7debug\inf2cat-expand.6408.read.1.tlog
d:\shared\win32\keyboardfilter\c++\package\win7debug\inf2cat-expand.6408.write.1.tlog
d:\shared\win32\keyboardfilter\c++\package\win7debug\inf2cat-expand.6516.read.1.tlog
d:\shared\win32\keyboardfilter\c++\package\win7debug\inf2cat-expand.6516.write.1.tlog
d:\shared\win32\keyboardfilter\c++\package\win7debug\inf2cat-expand.652.read.1.tlog
d:\shared\win32\keyboardfilter\c++\package\win7debug\inf2cat-expand.652.write.1.tlog
d:\shared\win32\keyboardfilter\c++\package\win7debug\inf2cat-expand.6520.read.1.tlog
d:\shared\win32\keyboardfilter\c++\package\win7debug\inf2cat-expand.6520.write.1.tlog
d:\shared\win32\keyboardfilter\c++\package\win7debug\inf2cat-expand.6548.read.1.tlog
d:\shared\win32\keyboardfilter\c++\package\win7debug\inf2cat-expand.6548.write.1.tlog
d:\shared\win32\keyboardfilter\c++\package\win7debug\inf2cat-expand.6552.read.1.tlog
d:\shared\win32\keyboardfilter\c++\package\win7debug\inf2cat-expand.6552.write.1.tlog
d:\shared\win32\keyboardfilter\c++\package\win7debug\inf2cat-expand.6600.read.1.tlog
d:\shared\win32\keyboardfilter\c++\package\win7debug\inf2cat-expand.6600.write.1.tlog
d:\shared\win32\keyboardfilter\c++\package\win7debug\inf2cat-expand.6604.read.1.tlog
d:\shared\win32\keyboardfilter\c++\package\win7debug\inf2cat-expand.6604.write.1.tlog
d:\shared\win32\keyboardfilter\c++\package\win7debug\inf2cat-expand.6628.read.1.tlog
d:\shared\win32\keyboardfilter\c++\package\win7debug\inf2cat-expand.6628.write.1.tlog
d:\shared\win32\keyboardfilter\c++\package\win7debug\inf2cat-expand.6664.read.1.tlog
d:\shared\win32\keyboardfilter\c++\package\win7debug\inf2cat-expand.6664.write.1.tlog
d:\shared\win32\keyboardfilter\c++\package\win7debug\inf2cat-expand.6700.read.1.tlog
d:\shared\win32\keyboardfilter\c++\package\win7debug\inf2cat-expand.6700.write.1.tlog
d:\shared\win32\keyboardfilter\c++\package\win7debug\inf2cat-expand.6720.read.1.tlog
d:\shared\win32\keyboardfilter\c++\package\win7debug\inf2cat-expand.6720.write.1.tlog
d:\shared\win32\keyboardfilter\c++\package\win7debug\inf2cat-expand.6724.read.1.tlog
d:\shared\win32\keyboardfilter\c++\package\win7debug\inf2cat-expand.6724.write.1.tlog
d:\shared\win32\keyboardfilter\c++\package\win7debug\inf2cat-expand.6736.read.1.tlog
d:\shared\win32\keyboardfilter\c++\package\win7debug\inf2cat-expand.6736.write.1.tlog
d:\shared\win32\keyboardfilter\c++\package\win7debug\inf2cat-expand.6872.read.1.tlog
d:\shared\win32\keyboardfilter\c++\package\win7debug\inf2cat-expand.6872.write.1.tlog
d:\shared\win32\keyboardfilter\c++\package\win7debug\inf2cat-expand.6888.read.1.tlog
d:\shared\win32\keyboardfilter\c++\package\win7debug\inf2cat-expand.6888.write.1.tlog
d:\shared\win32\keyboardfilter\c++\package\win7debug\inf2cat-expand.6904.read.1.tlog
d:\shared\win32\keyboardfilter\c++\package\win7debug\inf2cat-expand.6904.write.1.tlog
d:\shared\win32\keyboardfilter\c++\package\win7debug\inf2cat-expand.6920.read.1.tlog
d:\shared\win32\keyboardfilter\c++\package\win7debug\inf2cat-expand.6920.write.1.tlog
d:\shared\win32\keyboardfilter\c++\package\win7debug\inf2cat-expand.6940.read.1.tlog
d:\shared\win32\keyboardfilter\c++\package\win7debug\inf2cat-expand.6940.write.1.tlog
d:\shared\win32\keyboardfilter\c++\package\win7debug\inf2cat-expand.6960.read.1.tlog
d:\shared\win32\keyboardfilter\c++\package\win7debug\inf2cat-expand.6960.write.1.tlog
d:\shared\win32\keyboardfilter\c++\package\win7debug\inf2cat-expand.6972.read.1.tlog
d:\shared\win32\keyboardfilter\c++\package\win7debug\inf2cat-expand.6972.write.1.tlog
d:\shared\win32\keyboardfilter\c++\package\win7debug\inf2cat-expand.6976.read.1.tlog
d:\shared\win32\keyboardfilter\c++\package\win7debug\inf2cat-expand.6976.write.1.tlog
d:\shared\win32\keyboardfilter\c++\package\win7debug\inf2cat-expand.6984.read.1.tlog
d:\shared\win32\keyboardfilter\c++\package\win7debug\inf2cat-expand.6984.write.1.tlog
d:\shared\win32\keyboardfilter\c++\package\win7debug\inf2cat-expand.7012.read.1.tlog
d:\shared\win32\keyboardfilter\c++\package\win7debug\inf2cat-expand.7012.write.1.tlog
d:\shared\win32\keyboardfilter\c++\package\win7debug\inf2cat-expand.7040.read.1.tlog
d:\shared\win32\keyboardfilter\c++\package\win7debug\inf2cat-expand.7040.write.1.tlog
d:\shared\win32\keyboardfilter\c++\package\win7debug\inf2cat-expand.7064.read.1.tlog
d:\shared\win32\keyboardfilter\c++\package\win7debug\inf2cat-expand.7064.write.1.tlog
d:\shared\win32\keyboardfilter\c++\package\win7debug\inf2cat-expand.7076.read.1.tlog
d:\shared\win32\keyboardfilter\c++\package\win7debug\inf2cat-expand.7076.write.1.tlog
d:\shared\win32\keyboardfilter\c++\package\win7debug\inf2cat-expand.7084.read.1.tlog
d:\shared\win32\keyboardfilter\c++\package\win7debug\inf2cat-expand.7084.write.1.tlog
d:\shared\win32\keyboardfilter\c++\package\win7debug\inf2cat-expand.7092.read.1.tlog
d:\shared\win32\keyboardfilter\c++\package\win7debug\inf2cat-expand.7092.write.1.tlog
d:\shared\win32\keyboardfilter\c++\package\win7debug\inf2cat-expand.7140.read.1.tlog
d:\shared\win32\keyboardfilter\c++\package\win7debug\inf2cat-expand.7140.write.1.tlog
d:\shared\win32\keyboardfilter\c++\package\win7debug\inf2cat-expand.716.read.1.tlog
d:\shared\win32\keyboardfilter\c++\package\win7debug\inf2cat-expand.716.write.1.tlog
d:\shared\win32\keyboardfilter\c++\package\win7debug\inf2cat-expand.7180.read.1.tlog
d:\shared\win32\keyboardfilter\c++\package\win7debug\inf2cat-expand.7180.write.1.tlog
d:\shared\win32\keyboardfilter\c++\package\win7debug\inf2cat-expand.7184.read.1.tlog
d:\shared\win32\keyboardfilter\c++\package\win7debug\inf2cat-expand.7184.write.1.tlog
d:\shared\win32\keyboardfilter\c++\package\win7debug\inf2cat-expand.7196.read.1.tlog
d:\shared\win32\keyboardfilter\c++\package\win7debug\inf2cat-expand.7196.write.1.tlog
d:\shared\win32\keyboardfilter\c++\package\win7debug\inf2cat-expand.7204.read.1.tlog
d:\shared\win32\keyboardfilter\c++\package\win7debug\inf2cat-expand.7204.write.1.tlog
d:\shared\win32\keyboardfilter\c++\package\win7debug\inf2cat-expand.7216.read.1.tlog
d:\shared\win32\keyboardfilter\c++\package\win7debug\inf2cat-expand.7216.write.1.tlog
d:\shared\win32\keyboardfilter\c++\package\win7debug\inf2cat-expand.7240.read.1.tlog
d:\shared\win32\keyboardfilter\c++\package\win7debug\inf2cat-expand.7240.write.1.tlog
d:\shared\win32\keyboardfilter\c++\package\win7debug\inf2cat-expand.7252.read.1.tlog
d:\shared\win32\keyboardfilter\c++\package\win7debug\inf2cat-expand.7252.write.1.tlog
d:\shared\win32\keyboardfilter\c++\package\win7debug\inf2cat-expand.7260.read.1.tlog
d:\shared\win32\keyboardfilter\c++\package\win7debug\inf2cat-expand.7260.write.1.tlog
d:\shared\win32\keyboardfilter\c++\package\win7debug\inf2cat-expand.7280.read.1.tlog
d:\shared\win32\keyboardfilter\c++\package\win7debug\inf2cat-expand.7280.write.1.tlog
d:\shared\win32\keyboardfilter\c++\package\win7debug\inf2cat-expand.7284.read.1.tlog
d:\shared\win32\keyboardfilter\c++\package\win7debug\inf2cat-expand.7284.write.1.tlog
d:\shared\win32\keyboardfilter\c++\package\win7debug\inf2cat-expand.7288.read.1.tlog
d:\shared\win32\keyboardfilter\c++\package\win7debug\inf2cat-expand.7288.write.1.tlog
d:\shared\win32\keyboardfilter\c++\package\win7debug\inf2cat-expand.7292.read.1.tlog
d:\shared\win32\keyboardfilter\c++\package\win7debug\inf2cat-expand.7292.write.1.tlog
d:\shared\win32\keyboardfilter\c++\package\win7debug\inf2cat-expand.7316.read.1.tlog
d:\shared\win32\keyboardfilter\c++\package\win7debug\inf2cat-expand.7316.write.1.tlog
d:\shared\win32\keyboardfilter\c++\package\win7debug\inf2cat-expand.7328.read.1.tlog
d:\shared\win32\keyboardfilter\c++\package\win7debug\inf2cat-expand.7328.write.1.tlog
d:\shared\win32\keyboardfilter\c++\package\win7debug\inf2cat-expand.7332.read.1.tlog
d:\shared\win32\keyboardfilter\c++\package\win7debug\inf2cat-expand.7332.write.1.tlog
d:\shared\win32\keyboardfilter\c++\package\win7debug\inf2cat-expand.7336.read.1.tlog
d:\shared\win32\keyboardfilter\c++\package\win7debug\inf2cat-expand.7336.write.1.tlog
d:\shared\win32\keyboardfilter\c++\package\win7debug\inf2cat-expand.7340.read.1.tlog
d:\shared\win32\keyboardfilter\c++\package\win7debug\inf2cat-expand.7340.write.1.tlog
d:\shared\win32\keyboardfilter\c++\package\win7debug\inf2cat-expand.7356.read.1.tlog
d:\shared\win32\keyboardfilter\c++\package\win7debug\inf2cat-expand.7356.write.1.tlog
d:\shared\win32\keyboardfilter\c++\package\win7debug\inf2cat-expand.7372.read.1.tlog
d:\shared\win32\keyboardfilter\c++\package\win7debug\inf2cat-expand.7372.write.1.tlog
d:\shared\win32\keyboardfilter\c++\package\win7debug\inf2cat-expand.7404.read.1.tlog
d:\shared\win32\keyboardfilter\c++\package\win7debug\inf2cat-expand.7404.write.1.tlog
d:\shared\win32\keyboardfilter\c++\package\win7debug\inf2cat-expand.7420.read.1.tlog
d:\shared\win32\keyboardfilter\c++\package\win7debug\inf2cat-expand.7420.write.1.tlog
d:\shared\win32\keyboardfilter\c++\package\win7debug\inf2cat-expand.7428.read.1.tlog
d:\shared\win32\keyboardfilter\c++\package\win7debug\inf2cat-expand.7428.write.1.tlog
d:\shared\win32\keyboardfilter\c++\package\win7debug\inf2cat-expand.7440.read.1.tlog
d:\shared\win32\keyboardfilter\c++\package\win7debug\inf2cat-expand.7440.write.1.tlog
d:\shared\win32\keyboardfilter\c++\package\win7debug\inf2cat-expand.7448.read.1.tlog
d:\shared\win32\keyboardfilter\c++\package\win7debug\inf2cat-expand.7448.write.1.tlog
d:\shared\win32\keyboardfilter\c++\package\win7debug\inf2cat-expand.7464.read.1.tlog
d:\shared\win32\keyboardfilter\c++\package\win7debug\inf2cat-expand.7464.write.1.tlog
d:\shared\win32\keyboardfilter\c++\package\win7debug\inf2cat-expand.7484.read.1.tlog
d:\shared\win32\keyboardfilter\c++\package\win7debug\inf2cat-expand.7484.write.1.tlog
d:\shared\win32\keyboardfilter\c++\package\win7debug\inf2cat-expand.7488.read.1.tlog
d:\shared\win32\keyboardfilter\c++\package\win7debug\inf2cat-expand.7488.write.1.tlog
d:\shared\win32\keyboardfilter\c++\package\win7debug\inf2cat-expand.7492.read.1.tlog
d:\shared\win32\keyboardfilter\c++\package\win7debug\inf2cat-expand.7492.write.1.tlog
d:\shared\win32\keyboardfilter\c++\package\win7debug\inf2cat-expand.7524.read.1.tlog
d:\shared\win32\keyboardfilter\c++\package\win7debug\inf2cat-expand.7524.write.1.tlog
d:\shared\win32\keyboardfilter\c++\package\win7debug\inf2cat-expand.7528.read.1.tlog
d:\shared\win32\keyboardfilter\c++\package\win7debug\inf2cat-expand.7528.write.1.tlog
d:\shared\win32\keyboardfilter\c++\package\win7debug\inf2cat-expand.7552.read.1.tlog
d:\shared\win32\keyboardfilter\c++\package\win7debug\inf2cat-expand.7552.write.1.tlog
d:\shared\win32\keyboardfilter\c++\package\win7debug\inf2cat-expand.7560.read.1.tlog
d:\shared\win32\keyboardfilter\c++\package\win7debug\inf2cat-expand.7560.write.1.tlog
d:\shared\win32\keyboardfilter\c++\package\win7debug\inf2cat-expand.7576.read.1.tlog
d:\shared\win32\keyboardfilter\c++\package\win7debug\inf2cat-expand.7576.write.1.tlog
d:\shared\win32\keyboardfilter\c++\package\win7debug\inf2cat-expand.7580.read.1.tlog
d:\shared\win32\keyboardfilter\c++\package\win7debug\inf2cat-expand.7580.write.1.tlog
d:\shared\win32\keyboardfilter\c++\package\win7debug\inf2cat-expand.7588.read.1.tlog
d:\shared\win32\keyboardfilter\c++\package\win7debug\inf2cat-expand.7588.write.1.tlog
d:\shared\win32\keyboardfilter\c++\package\win7debug\inf2cat-expand.7604.read.1.tlog
d:\shared\win32\keyboardfilter\c++\package\win7debug\inf2cat-expand.7604.write.1.tlog
d:\shared\win32\keyboardfilter\c++\package\win7debug\inf2cat-expand.7612.read.1.tlog
d:\shared\win32\keyboardfilter\c++\package\win7debug\inf2cat-expand.7612.write.1.tlog
d:\shared\win32\keyboardfilter\c++\package\win7debug\inf2cat-expand.7620.read.1.tlog
d:\shared\win32\keyboardfilter\c++\package\win7debug\inf2cat-expand.7620.write.1.tlog
d:\shared\win32\keyboardfilter\c++\package\win7debug\inf2cat-expand.7624.read.1.tlog
d:\shared\win32\keyboardfilter\c++\package\win7debug\inf2cat-expand.7624.write.1.tlog
d:\shared\win32\keyboardfilter\c++\package\win7debug\inf2cat-expand.7632.read.1.tlog
d:\shared\win32\keyboardfilter\c++\package\win7debug\inf2cat-expand.7632.write.1.tlog
d:\shared\win32\keyboardfilter\c++\package\win7debug\inf2cat-expand.7636.read.1.tlog
d:\shared\win32\keyboardfilter\c++\package\win7debug\inf2cat-expand.7636.write.1.tlog
d:\shared\win32\keyboardfilter\c++\package\win7debug\inf2cat-expand.7644.read.1.tlog
d:\shared\win32\keyboardfilter\c++\package\win7debug\inf2cat-expand.7644.write.1.tlog
d:\shared\win32\keyboardfilter\c++\package\win7debug\inf2cat-expand.7660.read.1.tlog
d:\shared\win32\keyboardfilter\c++\package\win7debug\inf2cat-expand.7660.write.1.tlog
d:\shared\win32\keyboardfilter\c++\package\win7debug\inf2cat-expand.7668.read.1.tlog
d:\shared\win32\keyboardfilter\c++\package\win7debug\inf2cat-expand.7668.write.1.tlog
d:\shared\win32\keyboardfilter\c++\package\win7debug\inf2cat-expand.7676.read.1.tlog
d:\shared\win32\keyboardfilter\c++\package\win7debug\inf2cat-expand.7676.write.1.tlog
d:\shared\win32\keyboardfilter\c++\package\win7debug\inf2cat-expand.7680.read.1.tlog
d:\shared\win32\keyboardfilter\c++\package\win7debug\inf2cat-expand.7680.write.1.tlog
d:\shared\win32\keyboardfilter\c++\package\win7debug\inf2cat-expand.7692.read.1.tlog
d:\shared\win32\keyboardfilter\c++\package\win7debug\inf2cat-expand.7692.write.1.tlog
d:\shared\win32\keyboardfilter\c++\package\win7debug\inf2cat-expand.7696.read.1.tlog
d:\shared\win32\keyboardfilter\c++\package\win7debug\inf2cat-expand.7696.write.1.tlog
d:\shared\win32\keyboardfilter\c++\package\win7debug\inf2cat-expand.7704.read.1.tlog
d:\shared\win32\keyboardfilter\c++\package\win7debug\inf2cat-expand.7704.write.1.tlog
d:\shared\win32\keyboardfilter\c++\package\win7debug\inf2cat-expand.7724.read.1.tlog
d:\shared\win32\keyboardfilter\c++\package\win7debug\inf2cat-expand.7724.write.1.tlog
d:\shared\win32\keyboardfilter\c++\package\win7debug\inf2cat-expand.7732.read.1.tlog
d:\shared\win32\keyboardfilter\c++\package\win7debug\inf2cat-expand.7732.write.1.tlog
d:\shared\win32\keyboardfilter\c++\package\win7debug\inf2cat-expand.7748.read.1.tlog
d:\shared\win32\keyboardfilter\c++\package\win7debug\inf2cat-expand.7748.write.1.tlog
d:\shared\win32\keyboardfilter\c++\package\win7debug\inf2cat-expand.7760.read.1.tlog
d:\shared\win32\keyboardfilter\c++\package\win7debug\inf2cat-expand.7760.write.1.tlog
d:\shared\win32\keyboardfilter\c++\package\win7debug\inf2cat-expand.7772.read.1.tlog
d:\shared\win32\keyboardfilter\c++\package\win7debug\inf2cat-expand.7772.write.1.tlog
d:\shared\win32\keyboardfilter\c++\package\win7debug\inf2cat-expand.7788.read.1.tlog
d:\shared\win32\keyboardfilter\c++\package\win7debug\inf2cat-expand.7788.write.1.tlog
d:\shared\win32\keyboardfilter\c++\package\win7debug\inf2cat-expand.7808.read.1.tlog
d:\shared\win32\keyboardfilter\c++\package\win7debug\inf2cat-expand.7808.write.1.tlog
d:\shared\win32\keyboardfilter\c++\package\win7debug\inf2cat-expand.7852.read.1.tlog
d:\shared\win32\keyboardfilter\c++\package\win7debug\inf2cat-expand.7852.write.1.tlog
d:\shared\win32\keyboardfilter\c++\package\win7debug\inf2cat-expand.7884.read.1.tlog
d:\shared\win32\keyboardfilter\c++\package\win7debug\inf2cat-expand.7884.write.1.tlog
d:\shared\win32\keyboardfilter\c++\package\win7debug\inf2cat-expand.7896.read.1.tlog
d:\shared\win32\keyboardfilter\c++\package\win7debug\inf2cat-expand.7896.write.1.tlog
d:\shared\win32\keyboardfilter\c++\package\win7debug\inf2cat-expand.7960.read.1.tlog
d:\shared\win32\keyboardfilter\c++\package\win7debug\inf2cat-expand.7960.write.1.tlog
d:\shared\win32\keyboardfilter\c++\package\win7debug\inf2cat-expand.7984.read.1.tlog
d:\shared\win32\keyboardfilter\c++\package\win7debug\inf2cat-expand.7984.write.1.tlog
d:\shared\win32\keyboardfilter\c++\package\win7debug\inf2cat-expand.7988.read.1.tlog
d:\shared\win32\keyboardfilter\c++\package\win7debug\inf2cat-expand.7988.write.1.tlog
d:\shared\win32\keyboardfilter\c++\package\win7debug\inf2cat-expand.8044.read.1.tlog
d:\shared\win32\keyboardfilter\c++\package\win7debug\inf2cat-expand.8044.write.1.tlog
d:\shared\win32\keyboardfilter\c++\package\win7debug\inf2cat-expand.8076.read.1.tlog
d:\shared\win32\keyboardfilter\c++\package\win7debug\inf2cat-expand.8076.write.1.tlog
d:\shared\win32\keyboardfilter\c++\package\win7debug\inf2cat-expand.8132.read.1.tlog
d:\shared\win32\keyboardfilter\c++\package\win7debug\inf2cat-expand.8132.write.1.tlog
d:\shared\win32\keyboardfilter\c++\package\win7debug\inf2cat-expand.8140.read.1.tlog
d:\shared\win32\keyboardfilter\c++\package\win7debug\inf2cat-expand.8140.write.1.tlog
d:\shared\win32\keyboardfilter\c++\package\win7debug\inf2cat-expand.8168.read.1.tlog
d:\shared\win32\keyboardfilter\c++\package\win7debug\inf2cat-expand.8168.write.1.tlog
d:\shared\win32\keyboardfilter\c++\package\win7debug\inf2cat-expand.8172.read.1.tlog
d:\shared\win32\keyboardfilter\c++\package\win7debug\inf2cat-expand.8172.write.1.tlog
d:\shared\win32\keyboardfilter\c++\package\win7debug\inf2cat-expand.8180.read.1.tlog
d:\shared\win32\keyboardfilter\c++\package\win7debug\inf2cat-expand.8180.write.1.tlog
d:\shared\win32\keyboardfilter\c++\package\win7debug\inf2cat-expand.904.read.1.tlog
d:\shared\win32\keyboardfilter\c++\package\win7debug\inf2cat-expand.904.write.1.tlog
d:\shared\win32\keyboardfilter\c++\package\win7debug\inf2cat-expand.960.read.1.tlog
d:\shared\win32\keyboardfilter\c++\package\win7debug\inf2cat-expand.960.write.1.tlog
d:\shared\win32\keyboardfilter\c++\package\win7debug\inf2cat-expand.read.1.tlog
d:\shared\win32\keyboardfilter\c++\package\win7debug\inf2cat-expand.write.1.tlog
d:\shared\win32\keyboardfilter\c++\package\win7debug\inf2cat.command.1.tlog
d:\shared\win32\keyboardfilter\c++\package\win7debug\inf2cat.read.1.tlog
d:\shared\win32\keyboardfilter\c++\package\win7debug\inf2cat.write.1.tlog
d:\shared\win32\keyboardfilter\c++\package\win7debug\signtool.command.1.tlog
d:\shared\win32\keyboardfilter\c++\package\win7debug\signtool.read.1.tlog
d:\shared\win32\keyboardfilter\c++\package\win7debug\signtool.write.1.tlog
