Build started 25/11/2014 11:59:01 AM.
     1>Project "C:\SHARED\DEV\WIN32\KeyboardFilter\C++\sys\kbfiltr.vcxproj" on node 2 (Build target(s)).
     1>StampInf:
         C:\Program Files\Windows Kits\8.1\bin\x86\stampinf.exe -d "*" -a "x86" -v "*" -k "1.11" -u "1.11.0" -f .\Win7Debug\\kbfiltr.inf 
         Stamping .\Win7Debug\\kbfiltr.inf [Version] section with DriverVer=11/25/2014,11.59.5.687
       ClCompile:
         C:\Program Files\Microsoft Visual Studio 12.0\VC\bin\CL.exe /c /IWin7Debug\ /Zi /nologo /W4 /WX /Od /Oi /Oy- /D _X86_=1 /D i386=1 /D STD_CALL /D DEPRECATE_DDK_FUNCTIONS=1 /D MSC_NOOPT /D _WIN32_WINNT=0x0601 /D WINVER=0x0601 /D WINNT=1 /D NTDDI_VERSION=0x06010000 /D DBG=1 /D KMDF_VERSION_MAJOR=1 /D KMDF_VERSION_MINOR=11 /GF /Gm- /Zp8 /GS /Gy /fp:precise /Zc:wchar_t- /Zc:forScope- /GR- /Fo"Win7Debug\\" /Fd"Win7Debug\vc120.pdb" /Gz /wd4748 /wd4603 /wd4627 /wd4986 /wd4987 /wd4996 /FI"C:\Program Files\Windows Kits\8.1\Include\Shared\warning.h" /analyze- /errorReport:prompt /kernel -cbstring /d1import_no_registry /d2AllowCompatibleILVersions /d2Zi+ kbfiltr.c rawpdo.c
         kbfiltr.c
         rawpdo.c
         Generating Code...
       ResourceCompile:
         C:\Program Files\Windows Kits\8.1\bin\x86\rc.exe /D _X86_=1 /D i386=1 /D STD_CALL /D DEPRECATE_DDK_FUNCTIONS=1 /D MSC_NOOPT /D _WIN32_WINNT=0x0601 /D WINVER=0x0601 /D WINNT=1 /D NTDDI_VERSION=0x06010000 /D DBG=1 /D "SMP_ID=\\\"{E2D8CF21-3542-488F-9736-355EEB121956}\\\"" /l"0x0409" /I"C:\Program Files\Windows Kits\8.1\Include\UM" /IWin7Debug\ /nologo /fo"Win7Debug\kbfiltr.res" kbfiltr.rc 
       Link:
         C:\Program Files\Microsoft Visual Studio 12.0\VC\bin\link.exe /ERRORREPORT:PROMPT /OUT:"Win7Debug\kbfiltr.sys" /VERSION:"6.3" /INCREMENTAL:NO /NOLOGO /WX /SECTION:"INIT,d" "C:\Program Files\Windows Kits\8.1\lib\win7\KM\x86\memcmp.lib" "C:\Program Files\Windows Kits\8.1\lib\win7\KM\x86\wdmsec.lib" "C:\Program Files\Windows Kits\8.1\lib\win7\KM\x86\ntstrsafe.lib" "C:\Program Files\Windows Kits\8.1\lib\win7\KM\x86\rtlver.lib" "C:\Program Files\Windows Kits\8.1\lib\win7\KM\x86\BufferOverflowK.lib" "C:\Program Files\Windows Kits\8.1\lib\win7\KM\x86\ntoskrnl.lib" "C:\Program Files\Windows Kits\8.1\lib\win7\KM\x86\hal.lib" "C:\Program Files\Windows Kits\8.1\lib\win7\KM\x86\wmilib.lib" "C:\Program Files\Windows Kits\8.1\lib\wdf\kmdf\x86\1.11\WdfLdr.lib" "C:\Program Files\Windows Kits\8.1\lib\wdf\kmdf\x86\1.11\WdfDriverEntry.lib" /NODEFAULTLIB /MANIFEST:NO /DEBUG /PDB:"Win7Debug\kbfiltr.pdb" /SUBSYSTEM:NATIVE,"6.01" /Driver /OPT:REF /OPT:ICF /ENTRY:"FxDriverEntry@8" /RELEASE /IMPLIB:"Win7Debug\kbfiltr.lib" /MERGE:"_TEXT=.text;_PAGE=PAGE" /MACHINE:X86 /PROFILE /kernel /IGNORE:4198,4010,4037,4039,4065,4070,4078,4087,4089,4221 /osversion:6.3 /pdbcompress /debugtype:pdata Win7Debug\kbfiltr.res
         Win7Debug\kbfiltr.obj
         Win7Debug\rawpdo.obj
         kbfiltr.vcxproj -> C:\SHARED\DEV\WIN32\KeyboardFilter\C++\sys\Win7Debug\kbfiltr.sys
       DriverTestSign:
         C:\Program Files\Windows Kits\8.1\bin\x86\signtool.exe sign /ph /sha1 "891BA9E8A9EEF92E768A4DBCFB731A23CC7CF637" 
         Done Adding Additional Store
         Successfully signed: C:\SHARED\DEV\WIN32\KeyboardFilter\C++\sys\Win7Debug\kbfiltr.sys
         
     1>Done Building Project "C:\SHARED\DEV\WIN32\KeyboardFilter\C++\sys\kbfiltr.vcxproj" (Build target(s)).

Build succeeded.

Time Elapsed 00:00:10.69
