d:\shared\win32\keyboardfilter\c++\sys\win7debug\kbfiltr.sys
d:\shared\win32\keyboardfilter\c++\sys\win7debug\kbfiltr.inf
d:\shared\win32\keyboardfilter\c++\sys\win7debug\vc120.pdb
d:\shared\win32\keyboardfilter\c++\sys\win7debug\rawpdo.obj
d:\shared\win32\keyboardfilter\c++\sys\win7debug\kbfiltr.obj
d:\shared\win32\keyboardfilter\c++\sys\win7debug\kbfiltr.res
d:\shared\win32\keyboardfilter\c++\sys\win7debug\signtool.command.1.tlog
d:\shared\win32\keyboardfilter\c++\sys\win7debug\signtool.read.1.tlog
d:\shared\win32\keyboardfilter\c++\sys\win7debug\signtool.write.1.tlog
d:\shared\win32\keyboardfilter\c++\sys\win7debug\stampinf.command.1.tlog
d:\shared\win32\keyboardfilter\c++\sys\win7debug\stampinf.read.1.tlog
d:\shared\win32\keyboardfilter\c++\sys\win7debug\stampinf.write.1.tlog
d:\shared\win32\keyboardfilter\c++\sys\win7debug\kbfiltr.pdb
d:\shared\win32\keyboardfilter\c++\sys\win7debug\kbfiltr.tlog\cl.command.1.tlog
d:\shared\win32\keyboardfilter\c++\sys\win7debug\kbfiltr.tlog\cl.read.1.tlog
d:\shared\win32\keyboardfilter\c++\sys\win7debug\kbfiltr.tlog\cl.write.1.tlog
d:\shared\win32\keyboardfilter\c++\sys\win7debug\kbfiltr.tlog\link-cvtres.read.1.tlog
d:\shared\win32\keyboardfilter\c++\sys\win7debug\kbfiltr.tlog\link-cvtres.write.1.tlog
d:\shared\win32\keyboardfilter\c++\sys\win7debug\kbfiltr.tlog\link.command.1.tlog
d:\shared\win32\keyboardfilter\c++\sys\win7debug\kbfiltr.tlog\link.read.1.tlog
d:\shared\win32\keyboardfilter\c++\sys\win7debug\kbfiltr.tlog\link.write.1.tlog
d:\shared\win32\keyboardfilter\c++\sys\win7debug\kbfiltr.tlog\rc.command.1.tlog
d:\shared\win32\keyboardfilter\c++\sys\win7debug\kbfiltr.tlog\rc.read.1.tlog
d:\shared\win32\keyboardfilter\c++\sys\win7debug\kbfiltr.tlog\rc.write.1.tlog
