d:\shared\win32\keyboardfilter64\c++\sys\x64\release\vc141.pdb
d:\shared\win32\keyboardfilter64\c++\sys\x64\release\rawpdo.obj
d:\shared\win32\keyboardfilter64\c++\sys\x64\release\kbfiltr.obj
d:\shared\win32\keyboardfilter64\c++\sys\x64\release\kbfiltr\kmdfsamples.cat
d:\shared\win32\keyboardfilter64\c++\sys\x64\release\kbfiltr.sys
d:\shared\win32\keyboardfilter64\c++\sys\x64\release\kbfiltr.pdb
d:\shared\win32\keyboardfilter64\c++\sys\x64\release\kbfiltr.res
d:\shared\win32\keyboardfilter64\c++\sys\x64\release\kbfiltr.inf
d:\shared\win32\keyboardfilter64\c++\sys\x64\release\kbfiltr.tlog\cl.command.1.tlog
d:\shared\win32\keyboardfilter64\c++\sys\x64\release\kbfiltr.tlog\cl.read.1.tlog
d:\shared\win32\keyboardfilter64\c++\sys\x64\release\kbfiltr.tlog\cl.write.1.tlog
d:\shared\win32\keyboardfilter64\c++\sys\x64\release\kbfiltr.tlog\inf2cat-expand.2636.read.1.tlog
d:\shared\win32\keyboardfilter64\c++\sys\x64\release\kbfiltr.tlog\inf2cat-expand.2636.write.1.tlog
d:\shared\win32\keyboardfilter64\c++\sys\x64\release\kbfiltr.tlog\inf2cat-expand.2952.read.1.tlog
d:\shared\win32\keyboardfilter64\c++\sys\x64\release\kbfiltr.tlog\inf2cat-expand.2952.write.1.tlog
d:\shared\win32\keyboardfilter64\c++\sys\x64\release\kbfiltr.tlog\inf2cat-expand.6444.read.1.tlog
d:\shared\win32\keyboardfilter64\c++\sys\x64\release\kbfiltr.tlog\inf2cat-expand.6444.write.1.tlog
d:\shared\win32\keyboardfilter64\c++\sys\x64\release\kbfiltr.tlog\inf2cat-expand.7972.read.1.tlog
d:\shared\win32\keyboardfilter64\c++\sys\x64\release\kbfiltr.tlog\inf2cat-expand.7972.write.1.tlog
d:\shared\win32\keyboardfilter64\c++\sys\x64\release\kbfiltr.tlog\inf2cat-expand.8364.read.1.tlog
d:\shared\win32\keyboardfilter64\c++\sys\x64\release\kbfiltr.tlog\inf2cat-expand.8364.write.1.tlog
d:\shared\win32\keyboardfilter64\c++\sys\x64\release\kbfiltr.tlog\inf2cat-expand.9048.read.1.tlog
d:\shared\win32\keyboardfilter64\c++\sys\x64\release\kbfiltr.tlog\inf2cat-expand.9048.write.1.tlog
d:\shared\win32\keyboardfilter64\c++\sys\x64\release\kbfiltr.tlog\inf2cat-expand.read.1.tlog
d:\shared\win32\keyboardfilter64\c++\sys\x64\release\kbfiltr.tlog\inf2cat-expand.write.1.tlog
d:\shared\win32\keyboardfilter64\c++\sys\x64\release\kbfiltr.tlog\inf2cat.command.1.tlog
d:\shared\win32\keyboardfilter64\c++\sys\x64\release\kbfiltr.tlog\inf2cat.read.1.tlog
d:\shared\win32\keyboardfilter64\c++\sys\x64\release\kbfiltr.tlog\inf2cat.read.8.tlog
d:\shared\win32\keyboardfilter64\c++\sys\x64\release\kbfiltr.tlog\inf2cat.write.1.tlog
d:\shared\win32\keyboardfilter64\c++\sys\x64\release\kbfiltr.tlog\inf2cat.write.8.tlog
d:\shared\win32\keyboardfilter64\c++\sys\x64\release\kbfiltr.tlog\link.command.1.tlog
d:\shared\win32\keyboardfilter64\c++\sys\x64\release\kbfiltr.tlog\link.read.1.tlog
d:\shared\win32\keyboardfilter64\c++\sys\x64\release\kbfiltr.tlog\link.write.1.tlog
d:\shared\win32\keyboardfilter64\c++\sys\x64\release\kbfiltr.tlog\rc.command.1.tlog
d:\shared\win32\keyboardfilter64\c++\sys\x64\release\kbfiltr.tlog\rc.read.1.tlog
d:\shared\win32\keyboardfilter64\c++\sys\x64\release\kbfiltr.tlog\rc.write.1.tlog
d:\shared\win32\keyboardfilter64\c++\sys\x64\release\kbfiltr.tlog\signtool.command.1.tlog
d:\shared\win32\keyboardfilter64\c++\sys\x64\release\kbfiltr.tlog\signtool.read.1.tlog
d:\shared\win32\keyboardfilter64\c++\sys\x64\release\kbfiltr.tlog\signtool.timestamp.1.tlog
d:\shared\win32\keyboardfilter64\c++\sys\x64\release\kbfiltr.tlog\signtool.write.1.tlog
d:\shared\win32\keyboardfilter64\c++\sys\x64\release\kbfiltr.tlog\stampinf.command.1.tlog
d:\shared\win32\keyboardfilter64\c++\sys\x64\release\kbfiltr.tlog\stampinf.read.1.tlog
d:\shared\win32\keyboardfilter64\c++\sys\x64\release\kbfiltr.tlog\stampinf.write.1.tlog
